<?xml version="1.0" encoding="UTF-8"?>
<testsuite xmlns:xsi="http://www.w3.org/2001/XMLSchema-instance" xsi:noNamespaceSchemaLocation="https://maven.apache.org/surefire/maven-surefire-plugin/xsd/surefire-test-report.xsd" version="3.0.2" name="com.prathamesh.chat.chat_app.ChatAppApplicationTests" time="2.232" tests="1" errors="0" skipped="0" failures="0">
  <properties>
[...]
</properties>
  <testcase name="contextLoads" classname="com.prathamesh.chat.chat_app.ChatAppApplicationTests" time="0.51">
    <system-out><![CDATA[20:21:31.112 [main] INFO org.springframework.test.context.support.AnnotationConfigContextLoaderUtils -- Could not detect default configuration classes for test class [com.prathamesh.chat.chat_app.ChatAppApplicationTests]: ChatAppApplicationTests does not declare any static, non-private, non-final, nested classes annotated with @Configuration.
20:21:31.197 [main] INFO org.springframework.boot.test.context.SpringBootTestContextBootstrapper -- Found @SpringBootConfiguration com.prathamesh.chat.chat_app.ChatAppApplication for test class com.prathamesh.chat.chat_app.ChatAppApplicationTests
20:21:31.296 [main] INFO org.springframework.boot.devtools.restart.RestartApplicationListener -- Restart disabled due to context in which it is running

  .   ____          _            __ _ _
 /\\ / ___'_ __ _ _(_)_ __  __ _ \ \ \ \
( ( )\___ | '_ | '_| | '_ \/ _` | \ \ \ \
 \\/  ___)| |_)| | | | | || (_| |  ) ) ) )
  '  |____| .__|_| |_|_| |_\__, | / / / /
 =========|_|==============|___/=/_/_/_/

 :: Spring Boot ::                (v3.5.3)

2025-07-17T20:21:31.498+05:30  INFO 16200 --- [chat-app] [           main] c.p.c.chat_app.ChatAppApplicationTests   : Starting ChatAppApplicationTests using Java 24.0.1 with PID 16200 (started by PM in D:\Projects\ChatAppication\chat-app)
2025-07-17T20:21:31.499+05:30  INFO 16200 --- [chat-app] [           main] c.p.c.chat_app.ChatAppApplicationTests   : No active profile set, falling back to 1 default profile: "default"
2025-07-17T20:21:31.919+05:30  INFO 16200 --- [chat-app] [           main] .s.d.r.c.RepositoryConfigurationDelegate : Bootstrapping Spring Data MongoDB repositories in DEFAULT mode.
2025-07-17T20:21:31.952+05:30  INFO 16200 --- [chat-app] [           main] .s.d.r.c.RepositoryConfigurationDelegate : Finished Spring Data repository scanning in 28 ms. Found 1 MongoDB repository interface.
2025-07-17T20:21:32.228+05:30  INFO 16200 --- [chat-app] [           main] org.mongodb.driver.client                : MongoClient with metadata {"application": {"name": "Cluster0"}, "driver": {"name": "mongo-java-driver|sync|spring-boot", "version": "5.5.1"}, "os": {"type": "Windows", "name": "Windows 11", "architecture": "amd64", "version": "10.0"}, "platform": "Java/Oracle Corporation/24.0.1+9-30"} created with settings MongoClientSettings{readPreference=primary, writeConcern=WriteConcern{w=majority, wTimeout=null ms, journal=null}, retryWrites=true, retryReads=true, readConcern=ReadConcern{level=null}, credential=MongoCredential{mechanism=null, userName='prathameshm', source='admin', password=<hidden>, mechanismProperties=<hidden>}, transportSettings=null, commandListeners=[], codecRegistry=ProvidersCodecRegistry{codecProviders=[ValueCodecProvider{}, BsonValueCodecProvider{}, DBRefCodecProvider{}, DBObjectCodecProvider{}, DocumentCodecProvider{}, CollectionCodecProvider{}, IterableCodecProvider{}, MapCodecProvider{}, GeoJsonCodecProvider{}, GridFSFileCodecProvider{}, Jsr310CodecProvider{}, JsonObjectCodecProvider{}, BsonCodecProvider{}, EnumCodecProvider{}, com.mongodb.client.model.mql.ExpressionCodecProvider@6a1ef65c, com.mongodb.Jep395RecordCodecProvider@72976b4, com.mongodb.KotlinCodecProvider@726934e2]}, loggerSettings=LoggerSettings{maxDocumentLength=1000}, clusterSettings={hosts=[127.0.0.1:27017], srvHost=cluster0.g1gnix6.mongodb.net, srvServiceName=mongodb, mode=MULTIPLE, requiredClusterType=REPLICA_SET, requiredReplicaSetName='atlas-s4mo91-shard-0', serverSelector='null', clusterListeners='[]', serverSelectionTimeout='30000 ms', localThreshold='15 ms'}, socketSettings=SocketSettings{connectTimeoutMS=10000, readTimeoutMS=0, receiveBufferSize=0, proxySettings=ProxySettings{host=null, port=null, username=null, password=null}}, heartbeatSocketSettings=SocketSettings{connectTimeoutMS=10000, readTimeoutMS=10000, receiveBufferSize=0, proxySettings=ProxySettings{host=null, port=null, username=null, password=null}}, connectionPoolSettings=ConnectionPoolSettings{maxSize=100, minSize=0, maxWaitTimeMS=120000, maxConnectionLifeTimeMS=0, maxConnectionIdleTimeMS=0, maintenanceInitialDelayMS=0, maintenanceFrequencyMS=60000, connectionPoolListeners=[], maxConnecting=2}, serverSettings=ServerSettings{heartbeatFrequencyMS=10000, minHeartbeatFrequencyMS=500, serverMonitoringMode=AUTO, serverListeners='[]', serverMonitorListeners='[]'}, sslSettings=SslSettings{enabled=true, invalidHostNameAllowed=false, context=null}, applicationName='Cluster0', compressorList=[], uuidRepresentation=JAVA_LEGACY, serverApi=null, autoEncryptionSettings=null, dnsClient=null, inetAddressResolver=null, contextProvider=null, timeoutMS=null}
2025-07-17T20:21:32.251+05:30  INFO 16200 --- [chat-app] [ix6.mongodb.net] org.mongodb.driver.cluster               : Adding discovered server ac-mx0qxzz-shard-00-01.g1gnix6.mongodb.net:27017 to client view of cluster
2025-07-17T20:21:32.274+05:30  INFO 16200 --- [chat-app] [ix6.mongodb.net] org.mongodb.driver.cluster               : Adding discovered server ac-mx0qxzz-shard-00-00.g1gnix6.mongodb.net:27017 to client view of cluster
2025-07-17T20:21:32.275+05:30  INFO 16200 --- [chat-app] [ix6.mongodb.net] org.mongodb.driver.cluster               : Adding discovered server ac-mx0qxzz-shard-00-02.g1gnix6.mongodb.net:27017 to client view of cluster
2025-07-17T20:21:32.729+05:30  INFO 16200 --- [chat-app] [           main] c.p.c.chat_app.ChatAppApplicationTests   : Started ChatAppApplicationTests in 1.441 seconds (process running for 2.086)
2025-07-17T20:21:33.108+05:30  INFO 16200 --- [chat-app] [ngodb.net:27017] org.mongodb.driver.cluster               : Monitor thread successfully connected to server with description ServerDescription{address=ac-mx0qxzz-shard-00-02.g1gnix6.mongodb.net:27017, type=REPLICA_SET_SECONDARY, cryptd=false, state=CONNECTED, ok=true, minWireVersion=0, maxWireVersion=25, maxDocumentSize=16777216, logicalSessionTimeoutMinutes=30, roundTripTimeNanos=261563300, minRoundTripTimeNanos=0, setName='atlas-s4mo91-shard-0', canonicalAddress=ac-mx0qxzz-shard-00-02.g1gnix6.mongodb.net:27017, hosts=[ac-mx0qxzz-shard-00-02.g1gnix6.mongodb.net:27017, ac-mx0qxzz-shard-00-00.g1gnix6.mongodb.net:27017, ac-mx0qxzz-shard-00-01.g1gnix6.mongodb.net:27017], passives=[], arbiters=[], primary='ac-mx0qxzz-shard-00-01.g1gnix6.mongodb.net:27017', tagSet=TagSet{[Tag{name='availabilityZone', value='aps1-az2'}, Tag{name='diskState', value='READY'}, Tag{name='nodeType', value='ELECTABLE'}, Tag{name='provider', value='AWS'}, Tag{name='region', value='AP_SOUTH_1'}, Tag{name='workloadType', value='OPERATIONAL'}]}, electionId=null, setVersion=1, topologyVersion=TopologyVersion{processId=6878c0ede58c549977bcac8a, counter=5}, lastWriteDate=Thu Jul 17 20:21:33 IST 2025, lastUpdateTimeNanos=99632380760600}
2025-07-17T20:21:33.108+05:30  INFO 16200 --- [chat-app] [ngodb.net:27017] org.mongodb.driver.cluster               : Monitor thread successfully connected to server with description ServerDescription{address=ac-mx0qxzz-shard-00-00.g1gnix6.mongodb.net:27017, type=REPLICA_SET_SECONDARY, cryptd=false, state=CONNECTED, ok=true, minWireVersion=0, maxWireVersion=25, maxDocumentSize=16777216, logicalSessionTimeoutMinutes=30, roundTripTimeNanos=316955300, minRoundTripTimeNanos=0, setName='atlas-s4mo91-shard-0', canonicalAddress=ac-mx0qxzz-shard-00-00.g1gnix6.mongodb.net:27017, hosts=[ac-mx0qxzz-shard-00-02.g1gnix6.mongodb.net:27017, ac-mx0qxzz-shard-00-00.g1gnix6.mongodb.net:27017, ac-mx0qxzz-shard-00-01.g1gnix6.mongodb.net:27017], passives=[], arbiters=[], primary='ac-mx0qxzz-shard-00-01.g1gnix6.mongodb.net:27017', tagSet=TagSet{[Tag{name='availabilityZone', value='aps1-az1'}, Tag{name='diskState', value='READY'}, Tag{name='nodeType', value='ELECTABLE'}, Tag{name='provider', value='AWS'}, Tag{name='region', value='AP_SOUTH_1'}, Tag{name='workloadType', value='OPERATIONAL'}]}, electionId=null, setVersion=1, topologyVersion=TopologyVersion{processId=6878c0c7a55909ba82c22814, counter=9}, lastWriteDate=Thu Jul 17 20:21:33 IST 2025, lastUpdateTimeNanos=99632380843200}
2025-07-17T20:21:33.108+05:30  INFO 16200 --- [chat-app] [ngodb.net:27017] org.mongodb.driver.cluster               : Monitor thread successfully connected to server with description ServerDescription{address=ac-mx0qxzz-shard-00-01.g1gnix6.mongodb.net:27017, type=REPLICA_SET_PRIMARY, cryptd=false, state=CONNECTED, ok=true, minWireVersion=0, maxWireVersion=25, maxDocumentSize=16777216, logicalSessionTimeoutMinutes=30, roundTripTimeNanos=316870300, minRoundTripTimeNanos=0, setName='atlas-s4mo91-shard-0', canonicalAddress=ac-mx0qxzz-shard-00-01.g1gnix6.mongodb.net:27017, hosts=[ac-mx0qxzz-shard-00-02.g1gnix6.mongodb.net:27017, ac-mx0qxzz-shard-00-00.g1gnix6.mongodb.net:27017, ac-mx0qxzz-shard-00-01.g1gnix6.mongodb.net:27017], passives=[], arbiters=[], primary='ac-mx0qxzz-shard-00-01.g1gnix6.mongodb.net:27017', tagSet=TagSet{[Tag{name='availabilityZone', value='aps1-az3'}, Tag{name='diskState', value='READY'}, Tag{name='nodeType', value='ELECTABLE'}, Tag{name='provider', value='AWS'}, Tag{name='region', value='AP_SOUTH_1'}, Tag{name='workloadType', value='OPERATIONAL'}]}, electionId=7fffffff0000000000000002, setVersion=1, topologyVersion=TopologyVersion{processId=6878c0d89b3d6a61dfcd2383, counter=7}, lastWriteDate=Thu Jul 17 20:21:33 IST 2025, lastUpdateTimeNanos=99632380760600}
2025-07-17T20:21:33.111+05:30  INFO 16200 --- [chat-app] [ngodb.net:27017] org.mongodb.driver.cluster               : Discovered replica set primary ac-mx0qxzz-shard-00-01.g1gnix6.mongodb.net:27017 with max election id 7fffffff0000000000000002 and max set version 1
]]></system-out>
    <system-err><![CDATA[Mockito is currently self-attaching to enable the inline-mock-maker. This will no longer work in future releases of the JDK. Please add Mockito as an agent to your build as described in Mockito's documentation: https://javadoc.io/doc/org.mockito/mockito-core/latest/org.mockito/org/mockito/Mockito.html#0.3
WARNING: A Java agent has been loaded dynamically (C:\Users\PM\.m2\repository\net\bytebuddy\byte-buddy-agent\1.17.6\byte-buddy-agent-1.17.6.jar)
WARNING: If a serviceability tool is in use, please run with -XX:+EnableDynamicAgentLoading to hide this warning
WARNING: If a serviceability tool is not in use, please run with -Djdk.instrument.traceUsage for more information
WARNING: Dynamic loading of agents will be disallowed by default in a future release
]]></system-err>
  </testcase>
</testsuite>